<?xml version="1.0" encoding="UTF-8"?>
<!-- Generated by org.testng.reporters.JUnitXMLReporter -->
<testsuite ignored="0" hostname="EC2AMAZ-S11DBRH" failures="1" tests="2" name="Default test(failed)" time="2.54" errors="0" timestamp="2023-12-08T05:28:53 GMT">
  <testcase classname="testScripts.Annotations" name="@AfterMethod Test" time="0.0">
    <failure type="java.lang.NullPointerException" message="Cannot invoke &amp;quot;org.openqa.selenium.WebDriver.close()&amp;quot; because &amp;quot;this.driver&amp;quot; is null">
      <![CDATA[java.lang.NullPointerException: Cannot invoke "org.openqa.selenium.WebDriver.close()" because "this.driver" is null
at testScripts.Annotations.Test(Annotations.java:50)
at java.base/java.util.ArrayList.forEach(ArrayList.java:1511)
... Removed 32 stack frames]]>
    </failure>
  </testcase> <!-- @AfterMethod Test -->
  <testcase classname="testScripts.Annotations" name="@BeforeMethod setup" time="-1.702013333787E9">
    <skipped/>
  </testcase> <!-- @BeforeMethod setup -->
  <testcase classname="testScripts.Annotations" name="@AfterMethod Test" time="-1.702013333795E9">
    <skipped/>
  </testcase> <!-- @AfterMethod Test -->
  <testcase classname="testScripts.Annotations" name="CucumberSearchTest" time="0.006">
    <failure type="java.lang.NullPointerException" message="Cannot invoke &amp;quot;org.openqa.selenium.WebDriver.navigate()&amp;quot; because &amp;quot;this.driver&amp;quot; is null">
      <![CDATA[java.lang.NullPointerException: Cannot invoke "org.openqa.selenium.WebDriver.navigate()" because "this.driver" is null
at testScripts.Annotations.CucumberSearchTest(Annotations.java:38)
at java.base/java.util.ArrayList.forEach(ArrayList.java:1511)
... Removed 27 stack frames]]>
    </failure>
  </testcase> <!-- CucumberSearchTest -->
  <testcase classname="testScripts.Annotations" name="javaSearchTest" time="0.0">
    <skipped/>
  </testcase> <!-- javaSearchTest -->
</testsuite> <!-- Default test(failed) -->
